Array
(
)
/nArray
(
)
/nArray
(
)
/nArray
(
)
/nArray
(
)
/nArray
(
)
/nArray
(
    [domain] => 2
    [element] => 21
)
/nArray
(
)
/nArray
(
)
/nArray
(
)
/nArray
(
)
/nArray
(
)
/nArray
(
)
/nArray
(
)
/nArray
(
)
/nArray
(
)
/nArray
(
)
/nArray
(
)
/nArray
(
)
/nArray
(
)
/nArray
(
)
/nArray
(
)
/nArray
(
)
/nArray
(
)
/nArray
(
)
/nArray
(
)
/nArray
(
)
/nArray
(
)
/nArray
(
)
/nArray
(
)
/nArray
(
)
/nArray
(
)
/nArray
(
)
/nArray
(
)
/nArray
(
)
/nArray
(
)
/nArray
(
)
/nArray
(
)
/nArray
(
)
/nArray
(
)
/nArray
(
)
/nArray
(
)
/nArray
(
)
/nArray
(
)
/nArray
(
)
/nArray
(
)
/nArray
(
)
/nArray
(
)
/nArray
(
)
/nArray
(
)
/nArray
(
)
/nArray
(
)
/nArray
(
)
/nArray
(
)
/nArray
(
)
/nArray
(
)
/nArray
(
)
/nArray
(
)
/nArray
(
)
/nArray
(
)
/nArray
(
)
/nArray
(
)
/nArray
(
)
/nArray
(
)
/nArray
(
)
/nArray
(
)
/nArray
(
)
/nArray
(
)
/nArray
(
)
/n